<?xml version="1.0" encoding="UTF-8"?>
<testng-results skipped="0" failed="0" ignored="0" total="0" passed="0">
  <reporter-output>
  </reporter-output>
  <suite name="generic.BaseTest" duration-ms="21" started-at="2021-11-05T17:18:01 IST" finished-at="2021-11-05T17:18:01 IST">
    <groups>
    </groups>
    <test name="Command line test" duration-ms="21" started-at="2021-11-05T17:18:01 IST" finished-at="2021-11-05T17:18:01 IST">
    </test> <!-- Command line test -->
  </suite> <!-- generic.BaseTest -->
</testng-results>
